2025-07-13 05:38:52,671 - backup_system - INFO - Database Backup System Starting...
2025-07-13 05:38:52,741 - backup_system - INFO - Starting backup cycle...
2025-07-13 05:38:52,921 - backup_system - INFO - Added user_requests.db to backup (3264512 bytes)
2025-07-13 05:38:52,922 - backup_system - INFO - Added historical_prices.db to backup (16384 bytes)
2025-07-13 05:38:52,922 - backup_system - INFO - Added premium_system.db to backup (36864 bytes)
2025-07-13 05:38:52,923 - backup_system - INFO - Added bypass_stats.db to backup (40960 bytes)
2025-07-13 05:38:52,923 - backup_system - INFO - Added analytics.db to backup (12288 bytes)
2025-07-13 05:38:52,923 - backup_system - INFO - Created backup zip: database_backup_20250713_053852.zip (1191404 bytes)
2025-07-13 05:38:56,693 - httpx - INFO - HTTP Request: POST https://api.telegram.org/bot7367269425:AAElkm0afRKClK1TRrm7Z1G7O6-YAbXeado/sendDocument "HTTP/1.1 200 OK"
2025-07-13 05:38:56,694 - backup_system - INFO - Successfully sent backup to admin 800092886
2025-07-13 05:39:00,353 - httpx - INFO - HTTP Request: POST https://api.telegram.org/bot7367269425:AAElkm0afRKClK1TRrm7Z1G7O6-YAbXeado/sendDocument "HTTP/1.1 403 Forbidden"
2025-07-13 05:39:00,354 - backup_system - ERROR - Telegram error sending backup to admin 6529233780: Forbidden: bot can't initiate conversation with a user
2025-07-13 05:39:00,354 - backup_system - WARNING - Retry 1 for admin 6529233780 in 5 seconds
2025-07-13 05:39:08,967 - httpx - INFO - HTTP Request: POST https://api.telegram.org/bot7367269425:AAElkm0afRKClK1TRrm7Z1G7O6-YAbXeado/sendDocument "HTTP/1.1 403 Forbidden"
2025-07-13 05:39:08,967 - backup_system - ERROR - Telegram error sending backup to admin 6529233780: Forbidden: bot can't initiate conversation with a user
2025-07-13 05:39:08,967 - backup_system - WARNING - Retry 2 for admin 6529233780 in 5 seconds
2025-07-13 05:39:17,515 - httpx - INFO - HTTP Request: POST https://api.telegram.org/bot7367269425:AAElkm0afRKClK1TRrm7Z1G7O6-YAbXeado/sendDocument "HTTP/1.1 403 Forbidden"
2025-07-13 05:39:17,515 - backup_system - ERROR - Telegram error sending backup to admin 6529233780: Forbidden: bot can't initiate conversation with a user
2025-07-13 05:39:17,515 - backup_system - ERROR - Failed to send backup to admin 6529233780 after 3 attempts
2025-07-13 05:39:17,515 - backup_system - INFO - Backup sent to 1/2 admins
2025-07-13 05:39:17,516 - backup_system - INFO - Backup cycle completed successfully. Sent to 1 admins.
2025-07-13 05:39:17,516 - backup_system - INFO - Backup completed successfully!
2025-08-05 20:24:26,646 - backup_system - INFO - Database Backup System Starting...
2025-08-05 20:24:26,890 - backup_system - INFO - Starting backup cycle...
2025-08-05 20:24:27,130 - backup_system - INFO - Added user_requests.db to backup (3284992 bytes)
2025-08-05 20:24:27,134 - backup_system - INFO - Added historical_prices.db to backup (24576 bytes)
2025-08-05 20:24:27,136 - backup_system - INFO - Added premium_system.db to backup (36864 bytes)
2025-08-05 20:24:27,138 - backup_system - INFO - Added bypass_stats.db to backup (40960 bytes)
2025-08-05 20:24:27,139 - backup_system - INFO - Added analytics.db to backup (32768 bytes)
2025-08-05 20:24:27,140 - backup_system - INFO - Created backup zip: database_backup_20250805_202426.zip (785479 bytes)
2025-08-05 20:24:29,959 - httpx - INFO - HTTP Request: POST https://api.telegram.org/bot7367269425:AAElkm0afRKClK1TRrm7Z1G7O6-YAbXeado/sendDocument "HTTP/1.1 200 OK"
2025-08-05 20:24:29,961 - backup_system - INFO - Successfully sent backup to group chat -4944651195
2025-08-05 20:24:29,961 - backup_system - INFO - Backup cycle completed successfully. Sent to 1 admins.
2025-08-05 20:24:29,961 - backup_system - INFO - Backup completed successfully!
2025-08-05 20:27:26,054 - backup_system - INFO - Database Backup System Starting...
2025-08-05 20:27:26,261 - backup_system - INFO - Starting backup cycle...
2025-08-05 20:27:26,383 - backup_system - INFO - Added user_requests.db to backup (3284992 bytes)
2025-08-05 20:27:26,385 - backup_system - INFO - Added historical_prices.db to backup (24576 bytes)
2025-08-05 20:27:26,387 - backup_system - INFO - Added premium_system.db to backup (36864 bytes)
2025-08-05 20:27:26,389 - backup_system - INFO - Added bypass_stats.db to backup (40960 bytes)
2025-08-05 20:27:26,390 - backup_system - INFO - Added analytics.db to backup (32768 bytes)
2025-08-05 20:27:26,391 - backup_system - INFO - Created backup zip: database_backup_20250805_202726.zip (785479 bytes)
2025-08-05 20:27:29,108 - httpx - INFO - HTTP Request: POST https://api.telegram.org/bot7367269425:AAElkm0afRKClK1TRrm7Z1G7O6-YAbXeado/sendDocument "HTTP/1.1 200 OK"
2025-08-05 20:27:29,111 - backup_system - INFO - Successfully sent backup to group chat -4944651195
2025-08-05 20:27:29,111 - backup_system - INFO - Backup cycle completed successfully. Sent to group chat.
2025-08-05 20:27:29,111 - backup_system - INFO - Backup completed successfully!
2025-08-05 20:27:51,292 - backup_system - INFO - Database Backup System Starting...
2025-08-05 20:27:51,418 - backup_system - INFO - Starting backup cycle...
2025-08-05 20:27:51,515 - backup_system - INFO - Added user_requests.db to backup (3284992 bytes)
2025-08-05 20:27:51,516 - backup_system - INFO - Added historical_prices.db to backup (24576 bytes)
2025-08-05 20:27:51,518 - backup_system - INFO - Added premium_system.db to backup (36864 bytes)
2025-08-05 20:27:51,519 - backup_system - INFO - Added bypass_stats.db to backup (40960 bytes)
2025-08-05 20:27:51,521 - backup_system - INFO - Added analytics.db to backup (32768 bytes)
2025-08-05 20:27:51,521 - backup_system - INFO - Created backup zip: database_backup_20250805_202751.zip (785479 bytes)
2025-08-05 20:27:54,459 - httpx - INFO - HTTP Request: POST https://api.telegram.org/bot7367269425:AAElkm0afRKClK1TRrm7Z1G7O6-YAbXeado/sendDocument "HTTP/1.1 200 OK"
2025-08-05 20:27:54,460 - backup_system - INFO - Successfully sent backup to group chat -4944651195
2025-08-05 20:27:54,461 - backup_system - INFO - Backup cycle completed successfully. Sent to group chat.
2025-08-05 20:27:54,461 - backup_system - INFO - Backup completed successfully!
