2025-07-13 06:06:09,396 - backup_scheduler - INFO - Database Backup Scheduler started
2025-07-13 06:06:09,396 - backup_scheduler - INFO - Starting scheduled backup...
2025-07-13 06:06:09,522 - backup_system - INFO - Starting backup cycle...
2025-07-13 06:06:09,705 - backup_system - INFO - Added user_requests.db to backup (3264512 bytes)
2025-07-13 06:06:09,707 - backup_system - INFO - Added historical_prices.db to backup (16384 bytes)
2025-07-13 06:06:09,708 - backup_system - INFO - Added premium_system.db to backup (36864 bytes)
2025-07-13 06:06:09,710 - backup_system - INFO - Added bypass_stats.db to backup (40960 bytes)
2025-07-13 06:06:09,713 - backup_system - INFO - Added analytics.db to backup (12288 bytes)
2025-07-13 06:06:09,714 - backup_system - INFO - Created backup zip: database_backup_20250713_060609.zip (1191419 bytes)
2025-07-13 06:06:13,734 - httpx - INFO - HTTP Request: POST https://api.telegram.org/bot7367269425:AAElkm0afRKClK1TRrm7Z1G7O6-YAbXeado/sendDocument "HTTP/1.1 200 OK"
2025-07-13 06:06:13,735 - backup_system - INFO - Successfully sent backup to admin 800092886
2025-07-13 06:06:18,538 - httpx - INFO - HTTP Request: POST https://api.telegram.org/bot7367269425:AAElkm0afRKClK1TRrm7Z1G7O6-YAbXeado/sendDocument "HTTP/1.1 403 Forbidden"
2025-07-13 06:06:18,538 - backup_system - ERROR - Telegram error sending backup to admin 6529233780: Forbidden: bot can't initiate conversation with a user
2025-07-13 06:06:18,538 - backup_system - WARNING - Retry 1 for admin 6529233780 in 5 seconds
2025-07-13 06:06:27,362 - httpx - INFO - HTTP Request: POST https://api.telegram.org/bot7367269425:AAElkm0afRKClK1TRrm7Z1G7O6-YAbXeado/sendDocument "HTTP/1.1 403 Forbidden"
2025-07-13 06:06:27,363 - backup_system - ERROR - Telegram error sending backup to admin 6529233780: Forbidden: bot can't initiate conversation with a user
2025-07-13 06:06:27,363 - backup_system - WARNING - Retry 2 for admin 6529233780 in 5 seconds
2025-07-13 06:06:36,026 - httpx - INFO - HTTP Request: POST https://api.telegram.org/bot7367269425:AAElkm0afRKClK1TRrm7Z1G7O6-YAbXeado/sendDocument "HTTP/1.1 403 Forbidden"
2025-07-13 06:06:36,027 - backup_system - ERROR - Telegram error sending backup to admin 6529233780: Forbidden: bot can't initiate conversation with a user
2025-07-13 06:06:36,027 - backup_system - ERROR - Failed to send backup to admin 6529233780 after 3 attempts
2025-07-13 06:06:36,027 - backup_system - INFO - Backup sent to 1/2 admins
2025-07-13 06:06:36,028 - backup_system - INFO - Backup cycle completed successfully. Sent to 1 admins.
2025-07-13 06:06:36,028 - backup_scheduler - INFO - Scheduled backup completed successfully
2025-10-05 21:37:34,899 - premium_system - INFO - Premium database initialized
2025-10-05 21:37:34,900 - backup_scheduler - INFO - Database Backup Scheduler started
2025-10-05 21:37:34,900 - backup_scheduler - INFO - Starting scheduled backup...
2025-10-05 21:37:35,023 - backup_system - INFO - Starting backup cycle...
2025-10-05 21:37:35,110 - backup_system - INFO - Added user_requests.db to backup (3284992 bytes)
2025-10-05 21:37:35,111 - backup_system - INFO - Added historical_prices.db to backup (24576 bytes)
2025-10-05 21:37:35,112 - backup_system - INFO - Added premium_system.db to backup (36864 bytes)
2025-10-05 21:37:35,113 - backup_system - INFO - Added bypass_stats.db to backup (40960 bytes)
2025-10-05 21:37:35,114 - backup_system - INFO - Added analytics.db to backup (36864 bytes)
2025-10-05 21:37:35,115 - backup_system - INFO - Created backup zip: database_backup_20251005_213735.zip (786596 bytes)
2025-10-05 21:37:39,533 - httpx - INFO - HTTP Request: POST https://api.telegram.org/bot7896040752:AAHTM8jlCSe227r7MchVqKnHeOfVn6OLRns/sendDocument "HTTP/1.1 200 OK"
2025-10-05 21:37:39,535 - backup_system - INFO - Successfully sent backup to group chat -4944651195
2025-10-05 21:37:39,536 - backup_system - INFO - Backup cycle completed successfully. Sent to group chat.
2025-10-05 21:37:39,536 - backup_scheduler - INFO - Scheduled backup completed successfully
2025-10-05 21:37:39,537 - rate_limiter - INFO - All required tables verified or created
2025-10-05 21:37:39,544 - rate_limiter - INFO - Cleaned up 125 old message ownership records and 0 linked message records
2025-10-05 21:37:39,545 - rate_limiter - INFO - All required tables verified or created
2025-10-05 21:37:39,545 - backup_scheduler - INFO - Message ownership cleanup completed. Total messages: 0, Total linked messages: 0
2025-10-05 21:42:14,882 - backup_system - INFO - Added user_requests.db to backup (3284992 bytes)
2025-10-05 21:42:14,884 - backup_system - INFO - Added historical_prices.db to backup (24576 bytes)
2025-10-05 21:42:14,887 - backup_system - INFO - Added premium_system.db to backup (36864 bytes)
2025-10-05 21:42:14,889 - backup_system - INFO - Added bypass_stats.db to backup (40960 bytes)
2025-10-05 21:42:14,890 - backup_system - INFO - Added analytics.db to backup (36864 bytes)
2025-10-05 21:42:14,890 - backup_system - INFO - Created backup zip: database_backup_20251005_214214.zip (784020 bytes)
2025-10-05 21:42:18,322 - httpx - INFO - HTTP Request: POST https://api.telegram.org/bot7896040752:AAHTM8jlCSe227r7MchVqKnHeOfVn6OLRns/sendDocument "HTTP/1.1 200 OK"
2025-10-05 21:42:18,324 - backup_system - INFO - Successfully sent backup to group chat -4944651195
2025-10-05 22:07:34,901 - backup_scheduler - INFO - System Status - Last backup: 2025-10-05 21:37:39, DBs: 5 (3.27 MB), Backups: 3 (2.25 MB)
